
01-07-2019 23:01:13 | /index.php | http://specialist2/index.php?id=info
01-07-2019 23:01:15 | /index.php?id=log | http://specialist2/index.php
01-07-2019 23:01:54 | /index.php?id=log | http://specialist2/index.php
01-07-2019 23:02:06 | /index.php?id=log | http://specialist2/index.php
01-07-2019 23:02:16 | /index.php?id=log | http://specialist2/index.php
01-07-2019 23:02:27 | /index.php?id=log | http://specialist2/index.php
01-07-2019 23:02:33 | /index.php?id=log | http://specialist2/index.php
01-07-2019 23:02:37 | /index.php?id=log | http://specialist2/index.php
01-07-2019 23:02:46 | /index.php?id=log | http://specialist2/index.php
01-07-2019 23:07:55 | /index.php?id=log | http://specialist2/index.php
01-07-2019 23:07:58 | /index.php?id=log | http://specialist2/index.php
01-07-2019 23:08:14 | /index.php | http://specialist2/index.php?id=log
01-07-2019 23:08:15 | /index.php?id=contact | http://specialist2/index.php
01-07-2019 23:08:16 | /index.php?id=about | http://specialist2/index.php?id=contact
01-07-2019 23:08:17 | /index.php?id=info | http://specialist2/index.php?id=about
01-07-2019 23:08:18 | /index.php?id=log | http://specialist2/index.php?id=info
01-07-2019 23:08:34 | /index.php?id=log | http://specialist2/index.php?id=info
01-07-2019 23:08:58 | /index.php?id=log | http://specialist2/index.php?id=info
01-07-2019 23:09:17 | /index.php?id=log | http://specialist2/index.php?id=info
01-07-2019 23:09:50 | /index.php?id=log | http://specialist2/index.php?id=info
01-07-2019 23:11:08 | /index.php | 
01-07-2019 23:12:35 | /index.php?id=log | http://specialist2/index.php?id=info
01-07-2019 23:13:15 | /index.php?id=log | http://specialist2/index.php?id=info
01-07-2019 23:13:26 | /index.php?id=log | http://specialist2/index.php?id=info
01-07-2019 23:13:38 | /index.php?id=log | http://specialist2/index.php?id=info
01-07-2019 23:14:22 | /index.php?id=log | http://specialist2/index.php?id=info
01-07-2019 23:14:32 | /index.php?id=log | http://specialist2/index.php?id=info
01-07-2019 23:14:43 | /index.php?id=log | http://specialist2/index.php?id=info
01-07-2019 23:14:51 | /index.php?id=log | http://specialist2/index.php?id=info
01-07-2019 23:15:15 | /index.php?id=log | http://specialist2/index.php?id=info
01-07-2019 23:15:26 | /index.php?id=log | http://specialist2/index.php?id=info
01-07-2019 23:16:08 | /index.php?id=log | http://specialist2/index.php?id=info
01-07-2019 23:16:34 | /index.php?id=log | http://specialist2/index.php?id=info
01-07-2019 23:16:45 | /index.php?id=log | http://specialist2/index.php?id=info
01-07-2019 23:17:05 | /index.php?id=log | http://specialist2/index.php?id=info
01-07-2019 23:18:11 | /index.php?id=log | http://specialist2/index.php?id=info
01-07-2019 23:18:24 | /index.php?id=log | http://specialist2/index.php?id=info
01-07-2019 23:18:32 | /index.php?id=log | http://specialist2/index.php?id=info
01-07-2019 23:18:40 | /index.php?id=log | http://specialist2/index.php?id=info
01-07-2019 23:19:10 | /index.php?id=log | http://specialist2/index.php?id=info
01-07-2019 23:25:45 | /index.php | http://specialist2/index.php?id=log
01-07-2019 23:25:47 | /index.php?id=contact | http://specialist2/index.php
01-07-2019 23:25:48 | /index.php?id=about | http://specialist2/index.php?id=contact
01-07-2019 23:25:50 | /index.php?id=log | http://specialist2/index.php?id=about
01-07-2019 23:26:03 | /index.php | http://specialist2/index.php?id=log
01-07-2019 23:31:50 | /index.php?id=log | http://specialist2/index.php
01-07-2019 23:31:54 | /index.php | http://specialist2/test/index.php
01-07-2019 23:31:55 | /index.php?id=log | http://specialist2/index.php
01-07-2019 23:32:02 | /index.php?id=contact | http://specialist2/index.php?id=log
01-07-2019 23:32:04 | /index.php?id=log | http://specialist2/index.php?id=contact
01-07-2019 23:32:38 | /index.php?id=log | http://specialist2/index.php?id=contact
01-07-2019 23:32:39 | /index.php?id=log | http://specialist2/index.php?id=contact
01-07-2019 23:32:41 | /index.php?id=log | http://specialist2/index.php?id=contact
01-07-2019 23:32:47 | /index.php?id=log | http://specialist2/index.php?id=log
01-07-2019 23:32:52 | /index.php | http://specialist2/index.php?id=log
01-07-2019 23:32:54 | /index.php?id=contact | http://specialist2/index.php
01-07-2019 23:32:54 | /index.php?id=about | http://specialist2/index.php?id=contact
01-07-2019 23:32:55 | /index.php?id=info | http://specialist2/index.php?id=about
01-07-2019 23:32:57 | /index.php | http://specialist2/test/index.php
01-07-2019 23:32:58 | /index.php?id=log | http://specialist2/index.php
01-07-2019 23:36:11 | /index.php | http://specialist2/index.php?id=log
01-07-2019 23:36:13 | /index.php?id=log | http://specialist2/index.php
01-07-2019 23:42:40 | log | http://specialist2/index.php
01-07-2019 23:42:41 | index | http://specialist2/index.php?id=log
01-07-2019 23:42:42 | contact | http://specialist2/index.php
01-07-2019 23:42:43 | about | http://specialist2/index.php?id=contact
01-07-2019 23:42:44 | info | http://specialist2/index.php?id=about
01-07-2019 23:42:47 | index | http://specialist2/test/index.php
01-07-2019 23:42:48 | log | http://specialist2/index.php
01-07-2019 23:45:51 | index | index.php?id=log
01-07-2019 23:45:52 | contact | index.php
01-07-2019 23:45:52 | about | index.php?id=contact
01-07-2019 23:45:54 | log | index.php?id=about
